[debug] [2023-05-06T07:37:04.722Z] ----------------------------------------------------------------------
[debug] [2023-05-06T07:37:04.725Z] Command:       C:\Program Files\nodejs\node.exe C:\Users\Mbulelo Ngema\AppData\Roaming\npm\node_modules\firebase-tools\lib\bin\firebase.js emulators:start
[debug] [2023-05-06T07:37:04.726Z] CLI Version:   11.30.0
[debug] [2023-05-06T07:37:04.726Z] Platform:      win32
[debug] [2023-05-06T07:37:04.726Z] Node Version:  v18.15.0
[debug] [2023-05-06T07:37:04.728Z] Time:          Sat May 06 2023 09:37:04 GMT+0200 (South Africa Standard Time)
[debug] [2023-05-06T07:37:04.728Z] ----------------------------------------------------------------------
[debug] 
[debug] [2023-05-06T07:37:04.908Z] > command requires scopes: ["email","openid","https://www.googleapis.com/auth/cloudplatformprojects.readonly","https://www.googleapis.com/auth/firebase","https://www.googleapis.com/auth/cloud-platform"]
[debug] [2023-05-06T07:37:04.909Z] > authorizing via signed-in user (mbulelohlathi.24@gmail.com)
[info] i  emulators: Starting emulators: functions {"metadata":{"emulator":{"name":"hub"},"message":"Starting emulators: functions"}}
[debug] [2023-05-06T07:37:04.924Z] [logging] Logging Emulator only supports listening on one address (127.0.0.1). Not listening on ::1
[debug] [2023-05-06T07:37:04.924Z] assigned listening specs for emulators {"user":{"hub":[{"address":"127.0.0.1","family":"IPv4","port":4400},{"address":"::1","family":"IPv6","port":4400}],"ui":[{"address":"127.0.0.1","family":"IPv4","port":4000},{"address":"::1","family":"IPv6","port":4000}],"logging":[{"address":"127.0.0.1","family":"IPv4","port":4500}]},"metadata":{"message":"assigned listening specs for emulators"}}
[debug] [2023-05-06T07:37:04.940Z] [hub] writing locator at C:\Users\MBULEL~1\AppData\Local\Temp\hub-clone-2e77f.json
[debug] [2023-05-06T07:37:05.017Z] [functions] Functions Emulator only supports listening on one address (127.0.0.1). Not listening on ::1
[debug] [2023-05-06T07:37:05.018Z] [eventarc] Eventarc Emulator only supports listening on one address (127.0.0.1). Not listening on ::1
[debug] [2023-05-06T07:37:05.018Z] late-assigned ports for functions and eventarc emulators {"user":{"hub":[{"address":"127.0.0.1","family":"IPv4","port":4400},{"address":"::1","family":"IPv6","port":4400}],"ui":[{"address":"127.0.0.1","family":"IPv4","port":4000},{"address":"::1","family":"IPv6","port":4000}],"logging":[{"address":"127.0.0.1","family":"IPv4","port":4500}],"functions":[{"address":"127.0.0.1","family":"IPv4","port":5001}],"eventarc":[{"address":"127.0.0.1","family":"IPv4","port":9299}]},"metadata":{"message":"late-assigned ports for functions and eventarc emulators"}}
[warn] !  functions: The following emulators are not running, calls to these services from the Functions emulator will affect production: auth, firestore, database, hosting, pubsub, storage {"metadata":{"emulator":{"name":"functions"},"message":"The following emulators are not running, calls to these services from the Functions emulator will affect production: \u001b[1mauth, firestore, database, hosting, pubsub, storage\u001b[22m"}}
[debug] [2023-05-06T07:37:05.027Z] defaultcredentials: writing to file C:\Users\Mbulelo Ngema\AppData\Roaming\firebase\mbulelohlathi_24_gmail.com_application_default_credentials.json
[debug] [2023-05-06T07:37:05.033Z] Setting GAC to C:\Users\Mbulelo Ngema\AppData\Roaming\firebase\mbulelohlathi_24_gmail.com_application_default_credentials.json {"metadata":{"emulator":{"name":"functions"},"message":"Setting GAC to C:\\Users\\Mbulelo Ngema\\AppData\\Roaming\\firebase\\mbulelohlathi_24_gmail.com_application_default_credentials.json"}}
[debug] [2023-05-06T07:37:05.038Z] >>> [apiv2][query] GET https://firebase.googleapis.com/v1beta1/projects/clone-2e77f/adminSdkConfig [none]
[debug] [2023-05-06T07:37:05.843Z] <<< [apiv2][status] GET https://firebase.googleapis.com/v1beta1/projects/clone-2e77f/adminSdkConfig 200
[debug] [2023-05-06T07:37:05.843Z] <<< [apiv2][body] GET https://firebase.googleapis.com/v1beta1/projects/clone-2e77f/adminSdkConfig {"projectId":"clone-2e77f","storageBucket":"clone-2e77f.appspot.com"}
[debug] [2023-05-06T07:37:06.293Z] Ignoring unsupported arg: auto_download {"metadata":{"emulator":{"name":"ui"},"message":"Ignoring unsupported arg: auto_download"}}
[debug] [2023-05-06T07:37:06.293Z] Ignoring unsupported arg: port {"metadata":{"emulator":{"name":"ui"},"message":"Ignoring unsupported arg: port"}}
[debug] [2023-05-06T07:37:06.294Z] Starting Emulator UI with command {"binary":"node","args":["C:\\Users\\Mbulelo Ngema\\.cache\\firebase\\emulators\\ui-v1.11.6\\server\\server.js"],"optionalArgs":[],"joinArgs":false} {"metadata":{"emulator":{"name":"ui"},"message":"Starting Emulator UI with command {\"binary\":\"node\",\"args\":[\"C:\\\\Users\\\\Mbulelo Ngema\\\\.cache\\\\firebase\\\\emulators\\\\ui-v1.11.6\\\\server\\\\server.js\"],\"optionalArgs\":[],\"joinArgs\":false}"}}
[info] i  ui: Emulator UI logging to ui-debug.log {"metadata":{"emulator":{"name":"ui"},"message":"Emulator UI logging to \u001b[1mui-debug.log\u001b[22m"}}
[debug] [2023-05-06T07:37:06.535Z] Web / API server started at 127.0.0.1:4000
 {"metadata":{"emulator":{"name":"ui"},"message":"Web / API server started at 127.0.0.1:4000\n"}}
[debug] [2023-05-06T07:37:06.536Z] Web / API server started at ::1:4000
 {"metadata":{"emulator":{"name":"ui"},"message":"Web / API server started at ::1:4000\n"}}
[info] i  functions: Watching "C:\Users\Mbulelo Ngema\Desktop\Zaio\Zaio 2022\React Apps\amazon-clone\functions" for Cloud Functions... {"metadata":{"emulator":{"name":"functions"},"message":"Watching \"C:\\Users\\Mbulelo Ngema\\Desktop\\Zaio\\Zaio 2022\\React Apps\\amazon-clone\\functions\" for Cloud Functions..."}}
[debug] [2023-05-06T07:37:06.585Z] Validating nodejs source
[debug] [2023-05-06T07:37:09.541Z] > [functions] package.json contents: {
  "name": "functions",
  "description": "Cloud Functions for Firebase",
  "scripts": {
    "lint": "eslint .",
    "serve": "firebase emulators:start --only functions",
    "shell": "firebase functions:shell",
    "start": "npm run shell",
    "deploy": "firebase deploy --only functions",
    "logs": "firebase functions:log"
  },
  "engines": {
    "node": "16"
  },
  "main": "index.js",
  "dependencies": {
    "cors": "^2.8.5",
    "express": "^4.18.2",
    "firebase-admin": "^11.5.0",
    "firebase-functions": "^4.2.0",
    "stripe": "^12.4.0"
  },
  "devDependencies": {
    "eslint": "^8.15.0",
    "eslint-config-google": "^0.14.0",
    "firebase-functions-test": "^3.0.0"
  },
  "private": true
}
[debug] [2023-05-06T07:37:09.542Z] Building nodejs source
[debug] [2023-05-06T07:37:09.542Z] Failed to find version of module node: reached end of search path C:\Users\Mbulelo Ngema\Desktop\Zaio\Zaio 2022\React Apps\amazon-clone\functions\node_modules
[warn] !  functions: Your requested "node" version "16" doesn't match your global version "18". Using node@18 from host. 
[debug] [2023-05-06T07:37:09.545Z] Could not find functions.yaml. Must use http discovery
[debug] [2023-05-06T07:37:09.560Z] Found firebase-functions binary at 'C:\Users\Mbulelo Ngema\Desktop\Zaio\Zaio 2022\React Apps\amazon-clone\functions\node_modules\.bin\firebase-functions'
[debug] [2023-05-06T07:37:10.076Z] Serving at port 8208

[debug] [2023-05-06T07:37:10.790Z] Got response from /__/functions.yaml {"endpoints":{"api":{"platform":"gcfv1","availableMemoryMb":null,"timeoutSeconds":null,"minInstances":null,"maxInstances":null,"ingressSettings":null,"serviceAccountEmail":null,"vpc":null,"httpsTrigger":{},"entryPoint":"api"}},"specVersion":"v1alpha1","requiredAPIs":[]}
[debug] [2023-05-06T07:37:10.801Z] shutdown requested via /__/quitquitquit

[info] +  functions: Loaded functions definitions from source: api. {"metadata":{"emulator":{"name":"functions"},"message":"Loaded functions definitions from source: api."}}
[info] +  functions[us-central1-api]: http function initialized (http://127.0.0.1:5001/clone-2e77f/us-central1/api). {"metadata":{"emulator":{"name":"functions"},"message":"\u001b[1mhttp\u001b[22m function initialized (http://127.0.0.1:5001/clone-2e77f/us-central1/api)."}}
[info] 
┌─────────────────────────────────────────────────────────────┐
│ ✔  All emulators ready! It is now safe to connect your app. │
│ i  View Emulator UI at http://127.0.0.1:4000/               │
└─────────────────────────────────────────────────────────────┘

┌───────────┬────────────────┬─────────────────────────────────┐
│ Emulator  │ Host:Port      │ View in Emulator UI             │
├───────────┼────────────────┼─────────────────────────────────┤
│ Functions │ 127.0.0.1:5001 │ http://127.0.0.1:4000/functions │
└───────────┴────────────────┴─────────────────────────────────┘
  Emulator Hub running at 127.0.0.1:4400
  Other reserved ports: 4500

Issues? Report them at https://github.com/firebase/firebase-tools/issues and attach the *-debug.log files.
 
[debug] [2023-05-06T07:38:51.551Z] [work-queue] {"queuedWork":["/clone-2e77f/us-central1/api-2023-05-06T07:38:51.551Z"],"queueLength":1,"runningWork":[],"workRunningCount":0}
[debug] [2023-05-06T07:38:51.553Z] [work-queue] {"queuedWork":[],"queueLength":0,"runningWork":["/clone-2e77f/us-central1/api-2023-05-06T07:38:51.551Z"],"workRunningCount":1}
[debug] [2023-05-06T07:38:51.554Z] Accepted request GET /clone-2e77f/us-central1/api --> us-central1-api
[debug] [2023-05-06T07:38:51.566Z] [functions] Runtime ready! Sending request! {"metadata":{"emulator":{"name":"functions"},"message":"[functions] Runtime ready! Sending request!"}}
[debug] [2023-05-06T07:38:51.567Z] [functions] Got req.url=/clone-2e77f/us-central1/api, mapping to path=/ {"metadata":{"emulator":{"name":"functions"},"message":"[functions] Got req.url=/clone-2e77f/us-central1/api, mapping to path=/"}}
[debug] [2023-05-06T07:38:51.577Z] [worker-pool] addWorker(us-central1-api) {"metadata":{"emulator":{"name":"functions"},"message":"[worker-pool] addWorker(us-central1-api)"}}
[debug] [2023-05-06T07:38:51.578Z] [worker-pool] Adding worker with key us-central1-api, total=1 {"metadata":{"emulator":{"name":"functions"},"message":"[worker-pool] Adding worker with key us-central1-api, total=1"}}
[debug] [2023-05-06T07:38:54.434Z] [runtime-status] [10796] Resolved module firebase-admin {"declared":true,"installed":true,"version":"11.8.0","resolution":"C:\\Users\\Mbulelo Ngema\\Desktop\\Zaio\\Zaio 2022\\React Apps\\amazon-clone\\functions\\node_modules\\firebase-admin\\lib\\index.js"} {"metadata":{"emulator":{"name":"functions"},"function":{"name":"us-central1-api"},"extension":{},"message":"[runtime-status] [10796] Resolved module firebase-admin {\"declared\":true,\"installed\":true,\"version\":\"11.8.0\",\"resolution\":\"C:\\\\Users\\\\Mbulelo Ngema\\\\Desktop\\\\Zaio\\\\Zaio 2022\\\\React Apps\\\\amazon-clone\\\\functions\\\\node_modules\\\\firebase-admin\\\\lib\\\\index.js\"}"}}
[debug] [2023-05-06T07:38:54.437Z] [runtime-status] [10796] Resolved module firebase-functions {"declared":true,"installed":true,"version":"4.3.1","resolution":"C:\\Users\\Mbulelo Ngema\\Desktop\\Zaio\\Zaio 2022\\React Apps\\amazon-clone\\functions\\node_modules\\firebase-functions\\lib\\v1\\index.js"} {"metadata":{"emulator":{"name":"functions"},"function":{"name":"us-central1-api"},"extension":{},"message":"[runtime-status] [10796] Resolved module firebase-functions {\"declared\":true,\"installed\":true,\"version\":\"4.3.1\",\"resolution\":\"C:\\\\Users\\\\Mbulelo Ngema\\\\Desktop\\\\Zaio\\\\Zaio 2022\\\\React Apps\\\\amazon-clone\\\\functions\\\\node_modules\\\\firebase-functions\\\\lib\\\\v1\\\\index.js\"}"}}
[debug] [2023-05-06T07:38:54.438Z] [runtime-status] [10796] Outgoing network have been stubbed. [{"name":"http","status":"mocked"},{"name":"http","status":"mocked"},{"name":"https","status":"mocked"},{"name":"https","status":"mocked"},{"name":"net","status":"mocked"}] {"metadata":{"emulator":{"name":"functions"},"function":{"name":"us-central1-api"},"extension":{},"message":"[runtime-status] [10796] Outgoing network have been stubbed. [{\"name\":\"http\",\"status\":\"mocked\"},{\"name\":\"http\",\"status\":\"mocked\"},{\"name\":\"https\",\"status\":\"mocked\"},{\"name\":\"https\",\"status\":\"mocked\"},{\"name\":\"net\",\"status\":\"mocked\"}]"}}
[debug] [2023-05-06T07:38:54.440Z] [runtime-status] [10796] Resolved module firebase-functions {"declared":true,"installed":true,"version":"4.3.1","resolution":"C:\\Users\\Mbulelo Ngema\\Desktop\\Zaio\\Zaio 2022\\React Apps\\amazon-clone\\functions\\node_modules\\firebase-functions\\lib\\v1\\index.js"} {"metadata":{"emulator":{"name":"functions"},"function":{"name":"us-central1-api"},"extension":{},"message":"[runtime-status] [10796] Resolved module firebase-functions {\"declared\":true,\"installed\":true,\"version\":\"4.3.1\",\"resolution\":\"C:\\\\Users\\\\Mbulelo Ngema\\\\Desktop\\\\Zaio\\\\Zaio 2022\\\\React Apps\\\\amazon-clone\\\\functions\\\\node_modules\\\\firebase-functions\\\\lib\\\\v1\\\\index.js\"}"}}
[debug] [2023-05-06T07:38:55.019Z] [runtime-status] [10796] Checked functions.config() {"config":{}} {"metadata":{"emulator":{"name":"functions"},"function":{"name":"us-central1-api"},"extension":{},"message":"[runtime-status] [10796] Checked functions.config() {\"config\":{}}"}}
[debug] [2023-05-06T07:38:55.019Z] [runtime-status] [10796] firebase-functions has been stubbed. {"functionsResolution":{"declared":true,"installed":true,"version":"4.3.1","resolution":"C:\\Users\\Mbulelo Ngema\\Desktop\\Zaio\\Zaio 2022\\React Apps\\amazon-clone\\functions\\node_modules\\firebase-functions\\lib\\v1\\index.js"}} {"metadata":{"emulator":{"name":"functions"},"function":{"name":"us-central1-api"},"extension":{},"message":"[runtime-status] [10796] firebase-functions has been stubbed. {\"functionsResolution\":{\"declared\":true,\"installed\":true,\"version\":\"4.3.1\",\"resolution\":\"C:\\\\Users\\\\Mbulelo Ngema\\\\Desktop\\\\Zaio\\\\Zaio 2022\\\\React Apps\\\\amazon-clone\\\\functions\\\\node_modules\\\\firebase-functions\\\\lib\\\\v1\\\\index.js\"}}"}}
[debug] [2023-05-06T07:38:55.021Z] [runtime-status] [10796] Resolved module firebase-functions {"declared":true,"installed":true,"version":"4.3.1","resolution":"C:\\Users\\Mbulelo Ngema\\Desktop\\Zaio\\Zaio 2022\\React Apps\\amazon-clone\\functions\\node_modules\\firebase-functions\\lib\\v1\\index.js"} {"metadata":{"emulator":{"name":"functions"},"function":{"name":"us-central1-api"},"extension":{},"message":"[runtime-status] [10796] Resolved module firebase-functions {\"declared\":true,\"installed\":true,\"version\":\"4.3.1\",\"resolution\":\"C:\\\\Users\\\\Mbulelo Ngema\\\\Desktop\\\\Zaio\\\\Zaio 2022\\\\React Apps\\\\amazon-clone\\\\functions\\\\node_modules\\\\firebase-functions\\\\lib\\\\v1\\\\index.js\"}"}}
[debug] [2023-05-06T07:38:55.024Z] [runtime-status] [10796] Resolved module firebase-admin {"declared":true,"installed":true,"version":"11.8.0","resolution":"C:\\Users\\Mbulelo Ngema\\Desktop\\Zaio\\Zaio 2022\\React Apps\\amazon-clone\\functions\\node_modules\\firebase-admin\\lib\\index.js"} {"metadata":{"emulator":{"name":"functions"},"function":{"name":"us-central1-api"},"extension":{},"message":"[runtime-status] [10796] Resolved module firebase-admin {\"declared\":true,\"installed\":true,\"version\":\"11.8.0\",\"resolution\":\"C:\\\\Users\\\\Mbulelo Ngema\\\\Desktop\\\\Zaio\\\\Zaio 2022\\\\React Apps\\\\amazon-clone\\\\functions\\\\node_modules\\\\firebase-admin\\\\lib\\\\index.js\"}"}}
[debug] [2023-05-06T07:38:55.030Z] [runtime-status] [10796] Resolved module firebase-functions {"declared":true,"installed":true,"version":"4.3.1","resolution":"C:\\Users\\Mbulelo Ngema\\Desktop\\Zaio\\Zaio 2022\\React Apps\\amazon-clone\\functions\\node_modules\\firebase-functions\\lib\\v1\\index.js"} {"metadata":{"emulator":{"name":"functions"},"function":{"name":"us-central1-api"},"extension":{},"message":"[runtime-status] [10796] Resolved module firebase-functions {\"declared\":true,\"installed\":true,\"version\":\"4.3.1\",\"resolution\":\"C:\\\\Users\\\\Mbulelo Ngema\\\\Desktop\\\\Zaio\\\\Zaio 2022\\\\React Apps\\\\amazon-clone\\\\functions\\\\node_modules\\\\firebase-functions\\\\lib\\\\v1\\\\index.js\"}"}}
[debug] [2023-05-06T07:38:55.031Z] [runtime-status] [10796] firebase-admin has been stubbed. {"adminResolution":{"declared":true,"installed":true,"version":"11.8.0","resolution":"C:\\Users\\Mbulelo Ngema\\Desktop\\Zaio\\Zaio 2022\\React Apps\\amazon-clone\\functions\\node_modules\\firebase-admin\\lib\\index.js"}} {"metadata":{"emulator":{"name":"functions"},"function":{"name":"us-central1-api"},"extension":{},"message":"[runtime-status] [10796] firebase-admin has been stubbed. {\"adminResolution\":{\"declared\":true,\"installed\":true,\"version\":\"11.8.0\",\"resolution\":\"C:\\\\Users\\\\Mbulelo Ngema\\\\Desktop\\\\Zaio\\\\Zaio 2022\\\\React Apps\\\\amazon-clone\\\\functions\\\\node_modules\\\\firebase-admin\\\\lib\\\\index.js\"}}"}}
[debug] [2023-05-06T07:38:55.827Z] [runtime-status] [10796] Functions runtime initialized. {"cwd":"C:\\Users\\Mbulelo Ngema\\Desktop\\Zaio\\Zaio 2022\\React Apps\\amazon-clone\\functions","node_version":"18.15.0"} {"metadata":{"emulator":{"name":"functions"},"function":{"name":"us-central1-api"},"extension":{},"message":"[runtime-status] [10796] Functions runtime initialized. {\"cwd\":\"C:\\\\Users\\\\Mbulelo Ngema\\\\Desktop\\\\Zaio\\\\Zaio 2022\\\\React Apps\\\\amazon-clone\\\\functions\",\"node_version\":\"18.15.0\"}"}}
[debug] [2023-05-06T07:38:55.827Z] [runtime-status] [10796] Listening to port: \\?\pipe\fire_emu_7d79446ad5276002 {"metadata":{"emulator":{"name":"functions"},"function":{"name":"us-central1-api"},"extension":{},"message":"[runtime-status] [10796] Listening to port: \\\\?\\pipe\\fire_emu_7d79446ad5276002"}}
[debug] [2023-05-06T07:38:55.925Z] [worker-us-central1-api-950bb132-250a-42c2-9940-f0117d25fd32]: IDLE {"metadata":{"emulator":{"name":"functions"},"function":{"name":"us-central1-api"},"extension":{},"message":"[worker-us-central1-api-950bb132-250a-42c2-9940-f0117d25fd32]: IDLE"}}
[debug] [2023-05-06T07:38:55.925Z] [worker-pool] submitRequest(triggerId=us-central1-api) {"metadata":{"emulator":{"name":"functions"},"message":"[worker-pool] submitRequest(triggerId=us-central1-api)"}}
[info] i  functions: Beginning execution of "us-central1-api" {"metadata":{"emulator":{"name":"functions"},"function":{"name":"us-central1-api"},"extension":{},"message":"Beginning execution of \"us-central1-api\""}}
[debug] [2023-05-06T07:38:55.927Z] [worker-us-central1-api-950bb132-250a-42c2-9940-f0117d25fd32]: BUSY {"metadata":{"emulator":{"name":"functions"},"function":{"name":"us-central1-api"},"extension":{},"message":"[worker-us-central1-api-950bb132-250a-42c2-9940-f0117d25fd32]: BUSY"}}
[error] i  Your function timed out after ~60s. To configure this timeout, see
      https://firebase.google.com/docs/functions/manage-functions#set_timeout_and_memory_allocation. {"metadata":{"emulator":{"name":"functions"},"function":{"name":"us-central1-api"},"extension":{},"message":"Your function timed out after ~60s. To configure this timeout, see\n      https://firebase.google.com/docs/functions/manage-functions#set_timeout_and_memory_allocation."}}
[error] i  Request to function failed: Error: socket hang up {"metadata":{"emulator":{"name":"functions"},"function":{"name":"us-central1-api"},"extension":{},"message":"Request to function failed: Error: socket hang up"}}
[debug] [2023-05-06T07:39:55.960Z] [work-queue] {"queuedWork":[],"queueLength":0,"runningWork":[],"workRunningCount":0}
[debug] [2023-05-06T07:39:56.034Z] [worker-us-central1-api-950bb132-250a-42c2-9940-f0117d25fd32]: exited {"metadata":{"emulator":{"name":"functions"},"function":{"name":"us-central1-api"},"extension":{},"message":"[worker-us-central1-api-950bb132-250a-42c2-9940-f0117d25fd32]: exited"}}
[debug] [2023-05-06T07:39:56.034Z] [worker-us-central1-api-950bb132-250a-42c2-9940-f0117d25fd32]: FINISHED {"metadata":{"emulator":{"name":"functions"},"function":{"name":"us-central1-api"},"extension":{},"message":"[worker-us-central1-api-950bb132-250a-42c2-9940-f0117d25fd32]: FINISHED"}}
